Flow report for Servo
Sat Jul 30 14:48:22 2022
Quartus II 64-Bit Version 12.0 Build 178 05/31/2012 SJ Full Version


---------------------
; Table of Contents ;
---------------------
  1. Legal Notice
  2. Flow Summary
  3. Flow Settings
  4. Flow Non-Default Global Settings
  5. Flow Elapsed Time
  6. Flow OS Summary
  7. Flow Log



----------------
; Legal Notice ;
----------------
Copyright (C) 1991-2012 Altera Corporation
Your use of Altera Corporation's design tools, logic functions 
and other software and tools, and its AMPP partner logic 
functions, and any output files from any of the foregoing 
(including device programming or simulation files), and any 
associated documentation or information are expressly subject 
to the terms and conditions of the Altera Program License 
Subscription Agreement, Altera MegaCore Function License 
Agreement, or other applicable license agreement, including, 
without limitation, that your use is for the sole purpose of 
programming logic devices manufactured by Altera and sold by 
Altera or its authorized distributors.  Please refer to the 
applicable agreement for further details.



+--------------------------------------------------------------------------------+
; Flow Summary                                                                   ;
+------------------------------------+-------------------------------------------+
; Flow Status                        ; Successful - Sat Jul 30 14:48:22 2022     ;
; Quartus II 64-Bit Version          ; 12.0 Build 178 05/31/2012 SJ Full Version ;
; Revision Name                      ; Servo                                     ;
; Top-level Entity Name              ; Servo_2                                   ;
; Family                             ; Cyclone III                               ;
; Device                             ; EP3C16F484C6                              ;
; Timing Models                      ; Final                                     ;
; Total logic elements               ; N/A until Partition Merge                 ;
;     Total combinational functions  ; N/A until Partition Merge                 ;
;     Dedicated logic registers      ; N/A until Partition Merge                 ;
; Total registers                    ; N/A until Partition Merge                 ;
; Total pins                         ; N/A until Partition Merge                 ;
; Total virtual pins                 ; N/A until Partition Merge                 ;
; Total memory bits                  ; N/A until Partition Merge                 ;
; Embedded Multiplier 9-bit elements ; N/A until Partition Merge                 ;
; Total PLLs                         ; N/A until Partition Merge                 ;
+------------------------------------+-------------------------------------------+


+-----------------------------------------+
; Flow Settings                           ;
+-------------------+---------------------+
; Option            ; Setting             ;
+-------------------+---------------------+
; Start date & time ; 07/28/2022 04:36:30 ;
; Main task         ; Compilation         ;
; Revision Name     ; Servo               ;
+-------------------+---------------------+


+----------------------------------------------------------------------------------------------------------------------+
; Flow Non-Default Global Settings                                                                                     ;
+-------------------------------------+---------------------------------+---------------+-------------+----------------+
; Assignment Name                     ; Value                           ; Default Value ; Entity Name ; Section Id     ;
+-------------------------------------+---------------------------------+---------------+-------------+----------------+
; COMPILER_SIGNATURE_ID               ; 105658699915458.165897579029368 ; --            ; --          ; --             ;
; EDA_OUTPUT_DATA_FORMAT              ; Verilog Hdl                     ; --            ; --          ; eda_simulation ;
; EDA_SIMULATION_TOOL                 ; ModelSim-Altera (Verilog)       ; <None>        ; --          ; --             ;
; MAX_CORE_JUNCTION_TEMP              ; 85                              ; --            ; --          ; --             ;
; MIN_CORE_JUNCTION_TEMP              ; 0                               ; --            ; --          ; --             ;
; NOMINAL_CORE_SUPPLY_VOLTAGE         ; 1.2V                            ; --            ; --          ; --             ;
; PARTITION_COLOR                     ; 16764057                        ; --            ; Servo_2     ; Top            ;
; PARTITION_FITTER_PRESERVATION_LEVEL ; PLACEMENT_AND_ROUTING           ; --            ; Servo_2     ; Top            ;
; PARTITION_NETLIST_TYPE              ; SOURCE                          ; --            ; Servo_2     ; Top            ;
; TOP_LEVEL_ENTITY                    ; Servo_2                         ; Servo         ; --          ; --             ;
+-------------------------------------+---------------------------------+---------------+-------------+----------------+


+-------------------------------------------------------------------------------------------------------------------------------+
; Flow Elapsed Time                                                                                                             ;
+---------------------------+--------------+-------------------------+---------------------+------------------------------------+
; Module Name               ; Elapsed Time ; Average Processors Used ; Peak Virtual Memory ; Total CPU Time (on all processors) ;
+---------------------------+--------------+-------------------------+---------------------+------------------------------------+
; Analysis & Synthesis      ; 00:00:02     ; 1.0                     ; 4548 MB             ; 00:00:01                           ;
; Fitter                    ; 00:00:05     ; 4.0                     ; 4903 MB             ; 00:00:06                           ;
; Assembler                 ; 00:00:01     ; 1.0                     ; 4513 MB             ; 00:00:01                           ;
; TimeQuest Timing Analyzer ; 00:00:02     ; 1.0                     ; 4640 MB             ; 00:00:02                           ;
; EDA Netlist Writer        ; 00:00:01     ; 1.0                     ; 4491 MB             ; 00:00:01                           ;
; Analysis & Synthesis      ; 00:00:07     ; 1.5                     ; 4706 MB             ; 00:00:06                           ;
; Partition Merge           ; 00:00:01     ; 1.0                     ; 4547 MB             ; 00:00:01                           ;
; Fitter                    ; 00:00:06     ; 1.0                     ; 4908 MB             ; 00:00:06                           ;
; Assembler                 ; 00:00:01     ; 1.0                     ; 4520 MB             ; 00:00:01                           ;
; TimeQuest Timing Analyzer ; 00:00:02     ; 1.0                     ; 4649 MB             ; 00:00:02                           ;
; EDA Netlist Writer        ; 00:00:02     ; 1.0                     ; 4503 MB             ; 00:00:01                           ;
; Analysis & Synthesis      ; 00:00:04     ; 1.0                     ; 4621 MB             ; 00:00:03                           ;
; Partition Merge           ; 00:00:01     ; 1.0                     ; 4547 MB             ; 00:00:01                           ;
; Fitter                    ; 00:00:06     ; 1.0                     ; 4910 MB             ; 00:00:06                           ;
; Assembler                 ; 00:00:01     ; 1.0                     ; 4520 MB             ; 00:00:01                           ;
; TimeQuest Timing Analyzer ; 00:00:02     ; 1.0                     ; 4649 MB             ; 00:00:02                           ;
; EDA Netlist Writer        ; 00:00:01     ; 1.0                     ; 4503 MB             ; 00:00:01                           ;
; Analysis & Synthesis      ; 00:00:03     ; 1.0                     ; 4621 MB             ; 00:00:03                           ;
; Partition Merge           ; 00:00:00     ; 1.0                     ; 4558 MB             ; 00:00:01                           ;
; Fitter                    ; 00:00:06     ; 1.0                     ; 4910 MB             ; 00:00:06                           ;
; Assembler                 ; 00:00:01     ; 1.0                     ; 4536 MB             ; 00:00:01                           ;
; TimeQuest Timing Analyzer ; 00:00:02     ; 1.0                     ; 4649 MB             ; 00:00:02                           ;
; EDA Netlist Writer        ; 00:00:01     ; 1.0                     ; 4503 MB             ; 00:00:01                           ;
; Analysis & Synthesis      ; 00:00:04     ; 1.0                     ; 4626 MB             ; 00:00:03                           ;
; Analysis & Synthesis      ; 00:00:02     ; 1.0                     ; 4615 MB             ; 00:00:02                           ;
; Analysis & Synthesis      ; 00:00:02     ; 1.0                     ; 4615 MB             ; 00:00:02                           ;
; Analysis & Synthesis      ; 00:00:03     ; 1.0                     ; 4616 MB             ; 00:00:03                           ;
; Analysis & Synthesis      ; 00:00:03     ; 1.0                     ; 4615 MB             ; 00:00:02                           ;
; Analysis & Synthesis      ; 00:00:04     ; 1.0                     ; 4624 MB             ; 00:00:03                           ;
; Analysis & Synthesis      ; 00:00:03     ; 1.0                     ; 4615 MB             ; 00:00:02                           ;
; Analysis & Synthesis      ; 00:00:02     ; 1.0                     ; 4615 MB             ; 00:00:02                           ;
; Analysis & Synthesis      ; 00:00:03     ; 1.0                     ; 4616 MB             ; 00:00:03                           ;
; Partition Merge           ; 00:00:00     ; 1.0                     ; 4546 MB             ; 00:00:01                           ;
; Fitter                    ; 00:00:05     ; 1.0                     ; 4902 MB             ; 00:00:06                           ;
; Assembler                 ; 00:00:01     ; 1.0                     ; 4517 MB             ; 00:00:01                           ;
; TimeQuest Timing Analyzer ; 00:00:01     ; 1.0                     ; 4644 MB             ; 00:00:02                           ;
; EDA Netlist Writer        ; 00:00:02     ; 1.0                     ; 4488 MB             ; 00:00:01                           ;
; Analysis & Synthesis      ; 00:00:03     ; 1.0                     ; 4621 MB             ; 00:00:03                           ;
; Partition Merge           ; 00:00:00     ; 1.0                     ; 4546 MB             ; 00:00:01                           ;
; Fitter                    ; 00:00:06     ; 1.0                     ; 4913 MB             ; 00:00:06                           ;
; EDA Netlist Writer        ; 00:00:01     ; 1.0                     ; 4503 MB             ; 00:00:01                           ;
; Analysis & Synthesis      ; 00:00:02     ; 1.0                     ; 4605 MB             ; 00:00:02                           ;
; Partition Merge           ; 00:00:01     ; 1.0                     ; 4547 MB             ; 00:00:01                           ;
; Fitter                    ; 00:00:05     ; 1.0                     ; 4908 MB             ; 00:00:06                           ;
; Assembler                 ; 00:00:01     ; 1.0                     ; 4536 MB             ; 00:00:01                           ;
; TimeQuest Timing Analyzer ; 00:00:02     ; 1.0                     ; 4649 MB             ; 00:00:02                           ;
; EDA Netlist Writer        ; 00:00:01     ; 1.0                     ; 4503 MB             ; 00:00:01                           ;
; Analysis & Synthesis      ; 00:00:04     ; 1.0                     ; 381 MB              ; 00:00:04                           ;
; Partition Merge           ; 00:00:01     ; 1.0                     ; 333 MB              ; 00:00:01                           ;
; Fitter                    ; 00:00:01     ; 1.0                     ; 275 MB              ; 00:00:00                           ;
; Analysis & Synthesis      ; 00:00:04     ; 1.0                     ; 4622 MB             ; 00:00:03                           ;
; Partition Merge           ; 00:00:00     ; 1.0                     ; 4547 MB             ; 00:00:01                           ;
; Fitter                    ; 00:00:06     ; 1.0                     ; 4917 MB             ; 00:00:06                           ;
; Assembler                 ; 00:00:01     ; 1.0                     ; 4536 MB             ; 00:00:01                           ;
; TimeQuest Timing Analyzer ; 00:00:02     ; 1.0                     ; 4646 MB             ; 00:00:02                           ;
; EDA Netlist Writer        ; 00:00:02     ; 1.0                     ; 4491 MB             ; 00:00:01                           ;
; Analysis & Synthesis      ; 00:00:05     ; 1.0                     ; 4621 MB             ; 00:00:03                           ;
; Partition Merge           ; 00:00:01     ; 1.0                     ; 4546 MB             ; 00:00:01                           ;
; Fitter                    ; 00:00:06     ; 3.7                     ; 4907 MB             ; 00:00:06                           ;
; Assembler                 ; 00:00:01     ; 1.0                     ; 4540 MB             ; 00:00:01                           ;
; TimeQuest Timing Analyzer ; 00:00:03     ; 1.0                     ; 4645 MB             ; 00:00:02                           ;
; EDA Netlist Writer        ; 00:00:01     ; 1.0                     ; 4503 MB             ; 00:00:01                           ;
; Analysis & Synthesis      ; 00:00:02     ; 1.0                     ; 4605 MB             ; 00:00:02                           ;
; Partition Merge           ; 00:00:01     ; 1.0                     ; 4558 MB             ; 00:00:01                           ;
; Fitter                    ; 00:00:01     ; 1.0                     ; 4595 MB             ; 00:00:01                           ;
; Analysis & Synthesis      ; 00:00:03     ; 1.0                     ; 4621 MB             ; 00:00:03                           ;
; Partition Merge           ; 00:00:01     ; 1.0                     ; 4546 MB             ; 00:00:01                           ;
; Fitter                    ; 00:00:06     ; 1.0                     ; 4922 MB             ; 00:00:06                           ;
; Assembler                 ; 00:00:01     ; 1.0                     ; 4537 MB             ; 00:00:01                           ;
; TimeQuest Timing Analyzer ; 00:00:02     ; 4.0                     ; 4646 MB             ; 00:00:02                           ;
; EDA Netlist Writer        ; 00:00:02     ; 1.0                     ; 4503 MB             ; 00:00:01                           ;
; Analysis & Synthesis      ; 00:00:02     ; 1.0                     ; 4605 MB             ; 00:00:02                           ;
; Partition Merge           ; 00:00:00     ; 1.0                     ; 4547 MB             ; 00:00:01                           ;
; Fitter                    ; 00:00:06     ; 1.0                     ; 4914 MB             ; 00:00:06                           ;
; Assembler                 ; 00:00:01     ; 1.0                     ; 4537 MB             ; 00:00:01                           ;
; TimeQuest Timing Analyzer ; 00:00:02     ; 1.0                     ; 4646 MB             ; 00:00:02                           ;
; EDA Netlist Writer        ; 00:00:01     ; 1.0                     ; 4503 MB             ; 00:00:01                           ;
; Analysis & Elaboration    ; 00:00:02     ; 1.0                     ; 4603 MB             ; 00:00:02                           ;
; Total                     ; 00:03:06     ; --                      ; --                  ; 00:02:59                           ;
+---------------------------+--------------+-------------------------+---------------------+------------------------------------+


+----------------------------------------------------------------------------------------+
; Flow OS Summary                                                                        ;
+---------------------------+------------------+-----------+------------+----------------+
; Module Name               ; Machine Hostname ; OS Name   ; OS Version ; Processor type ;
+---------------------------+------------------+-----------+------------+----------------+
; Analysis & Synthesis      ; DESKTOP-LMP7SPS  ; Windows 7 ; 6.2        ; x86_64         ;
; Fitter                    ; DESKTOP-LMP7SPS  ; Windows 7 ; 6.2        ; x86_64         ;
; Assembler                 ; DESKTOP-LMP7SPS  ; Windows 7 ; 6.2        ; x86_64         ;
; TimeQuest Timing Analyzer ; DESKTOP-LMP7SPS  ; Windows 7 ; 6.2        ; x86_64         ;
; EDA Netlist Writer        ; DESKTOP-LMP7SPS  ; Windows 7 ; 6.2        ; x86_64         ;
; Analysis & Synthesis      ; DESKTOP-LMP7SPS  ; Windows 7 ; 6.2        ; x86_64         ;
; Partition Merge           ; DESKTOP-LMP7SPS  ; Windows 7 ; 6.2        ; x86_64         ;
; Fitter                    ; DESKTOP-LMP7SPS  ; Windows 7 ; 6.2        ; x86_64         ;
; Assembler                 ; DESKTOP-LMP7SPS  ; Windows 7 ; 6.2        ; x86_64         ;
; TimeQuest Timing Analyzer ; DESKTOP-LMP7SPS  ; Windows 7 ; 6.2        ; x86_64         ;
; EDA Netlist Writer        ; DESKTOP-LMP7SPS  ; Windows 7 ; 6.2        ; x86_64         ;
; Analysis & Synthesis      ; DESKTOP-LMP7SPS  ; Windows 7 ; 6.2        ; x86_64         ;
; Partition Merge           ; DESKTOP-LMP7SPS  ; Windows 7 ; 6.2        ; x86_64         ;
; Fitter                    ; DESKTOP-LMP7SPS  ; Windows 7 ; 6.2        ; x86_64         ;
; Assembler                 ; DESKTOP-LMP7SPS  ; Windows 7 ; 6.2        ; x86_64         ;
; TimeQuest Timing Analyzer ; DESKTOP-LMP7SPS  ; Windows 7 ; 6.2        ; x86_64         ;
; EDA Netlist Writer        ; DESKTOP-LMP7SPS  ; Windows 7 ; 6.2        ; x86_64         ;
; Analysis & Synthesis      ; DESKTOP-LMP7SPS  ; Windows 7 ; 6.2        ; x86_64         ;
; Partition Merge           ; DESKTOP-LMP7SPS  ; Windows 7 ; 6.2        ; x86_64         ;
; Fitter                    ; DESKTOP-LMP7SPS  ; Windows 7 ; 6.2        ; x86_64         ;
; Assembler                 ; DESKTOP-LMP7SPS  ; Windows 7 ; 6.2        ; x86_64         ;
; TimeQuest Timing Analyzer ; DESKTOP-LMP7SPS  ; Windows 7 ; 6.2        ; x86_64         ;
; EDA Netlist Writer        ; DESKTOP-LMP7SPS  ; Windows 7 ; 6.2        ; x86_64         ;
; Analysis & Synthesis      ; DESKTOP-LMP7SPS  ; Windows 7 ; 6.2        ; x86_64         ;
; Analysis & Synthesis      ; DESKTOP-LMP7SPS  ; Windows 7 ; 6.2        ; x86_64         ;
; Analysis & Synthesis      ; DESKTOP-LMP7SPS  ; Windows 7 ; 6.2        ; x86_64         ;
; Analysis & Synthesis      ; DESKTOP-LMP7SPS  ; Windows 7 ; 6.2        ; x86_64         ;
; Analysis & Synthesis      ; DESKTOP-LMP7SPS  ; Windows 7 ; 6.2        ; x86_64         ;
; Analysis & Synthesis      ; DESKTOP-LMP7SPS  ; Windows 7 ; 6.2        ; x86_64         ;
; Analysis & Synthesis      ; DESKTOP-LMP7SPS  ; Windows 7 ; 6.2        ; x86_64         ;
; Analysis & Synthesis      ; DESKTOP-LMP7SPS  ; Windows 7 ; 6.2        ; x86_64         ;
; Analysis & Synthesis      ; DESKTOP-LMP7SPS  ; Windows 7 ; 6.2        ; x86_64         ;
; Partition Merge           ; DESKTOP-LMP7SPS  ; Windows 7 ; 6.2        ; x86_64         ;
; Fitter                    ; DESKTOP-LMP7SPS  ; Windows 7 ; 6.2        ; x86_64         ;
; Assembler                 ; DESKTOP-LMP7SPS  ; Windows 7 ; 6.2        ; x86_64         ;
; TimeQuest Timing Analyzer ; DESKTOP-LMP7SPS  ; Windows 7 ; 6.2        ; x86_64         ;
; EDA Netlist Writer        ; DESKTOP-LMP7SPS  ; Windows 7 ; 6.2        ; x86_64         ;
; Analysis & Synthesis      ; DESKTOP-LMP7SPS  ; Windows 7 ; 6.2        ; x86_64         ;
; Partition Merge           ; DESKTOP-LMP7SPS  ; Windows 7 ; 6.2        ; x86_64         ;
; Fitter                    ; DESKTOP-LMP7SPS  ; Windows 7 ; 6.2        ; x86_64         ;
; EDA Netlist Writer        ; DESKTOP-LMP7SPS  ; Windows 7 ; 6.2        ; x86_64         ;
; Analysis & Synthesis      ; DESKTOP-LMP7SPS  ; Windows 7 ; 6.2        ; x86_64         ;
; Partition Merge           ; DESKTOP-LMP7SPS  ; Windows 7 ; 6.2        ; x86_64         ;
; Fitter                    ; DESKTOP-LMP7SPS  ; Windows 7 ; 6.2        ; x86_64         ;
; Assembler                 ; DESKTOP-LMP7SPS  ; Windows 7 ; 6.2        ; x86_64         ;
; TimeQuest Timing Analyzer ; DESKTOP-LMP7SPS  ; Windows 7 ; 6.2        ; x86_64         ;
; EDA Netlist Writer        ; DESKTOP-LMP7SPS  ; Windows 7 ; 6.2        ; x86_64         ;
; Analysis & Synthesis      ; DESKTOP-LMP7SPS  ; Windows 7 ; 6.2        ; x86_64         ;
; Partition Merge           ; DESKTOP-LMP7SPS  ; Windows 7 ; 6.2        ; x86_64         ;
; Fitter                    ; DESKTOP-LMP7SPS  ; Windows 7 ; 6.2        ; x86_64         ;
; Analysis & Synthesis      ; DESKTOP-LMP7SPS  ; Windows 7 ; 6.2        ; x86_64         ;
; Partition Merge           ; DESKTOP-LMP7SPS  ; Windows 7 ; 6.2        ; x86_64         ;
; Fitter                    ; DESKTOP-LMP7SPS  ; Windows 7 ; 6.2        ; x86_64         ;
; Assembler                 ; DESKTOP-LMP7SPS  ; Windows 7 ; 6.2        ; x86_64         ;
; TimeQuest Timing Analyzer ; DESKTOP-LMP7SPS  ; Windows 7 ; 6.2        ; x86_64         ;
; EDA Netlist Writer        ; DESKTOP-LMP7SPS  ; Windows 7 ; 6.2        ; x86_64         ;
; Analysis & Synthesis      ; DESKTOP-LMP7SPS  ; Windows 7 ; 6.2        ; x86_64         ;
; Partition Merge           ; DESKTOP-LMP7SPS  ; Windows 7 ; 6.2        ; x86_64         ;
; Fitter                    ; DESKTOP-LMP7SPS  ; Windows 7 ; 6.2        ; x86_64         ;
; Assembler                 ; DESKTOP-LMP7SPS  ; Windows 7 ; 6.2        ; x86_64         ;
; TimeQuest Timing Analyzer ; DESKTOP-LMP7SPS  ; Windows 7 ; 6.2        ; x86_64         ;
; EDA Netlist Writer        ; DESKTOP-LMP7SPS  ; Windows 7 ; 6.2        ; x86_64         ;
; Analysis & Synthesis      ; DESKTOP-LMP7SPS  ; Windows 7 ; 6.2        ; x86_64         ;
; Partition Merge           ; DESKTOP-LMP7SPS  ; Windows 7 ; 6.2        ; x86_64         ;
; Fitter                    ; DESKTOP-LMP7SPS  ; Windows 7 ; 6.2        ; x86_64         ;
; Analysis & Synthesis      ; DESKTOP-LMP7SPS  ; Windows 7 ; 6.2        ; x86_64         ;
; Partition Merge           ; DESKTOP-LMP7SPS  ; Windows 7 ; 6.2        ; x86_64         ;
; Fitter                    ; DESKTOP-LMP7SPS  ; Windows 7 ; 6.2        ; x86_64         ;
; Assembler                 ; DESKTOP-LMP7SPS  ; Windows 7 ; 6.2        ; x86_64         ;
; TimeQuest Timing Analyzer ; DESKTOP-LMP7SPS  ; Windows 7 ; 6.2        ; x86_64         ;
; EDA Netlist Writer        ; DESKTOP-LMP7SPS  ; Windows 7 ; 6.2        ; x86_64         ;
; Analysis & Synthesis      ; DESKTOP-LMP7SPS  ; Windows 7 ; 6.2        ; x86_64         ;
; Partition Merge           ; DESKTOP-LMP7SPS  ; Windows 7 ; 6.2        ; x86_64         ;
; Fitter                    ; DESKTOP-LMP7SPS  ; Windows 7 ; 6.2        ; x86_64         ;
; Assembler                 ; DESKTOP-LMP7SPS  ; Windows 7 ; 6.2        ; x86_64         ;
; TimeQuest Timing Analyzer ; DESKTOP-LMP7SPS  ; Windows 7 ; 6.2        ; x86_64         ;
; EDA Netlist Writer        ; DESKTOP-LMP7SPS  ; Windows 7 ; 6.2        ; x86_64         ;
; Analysis & Elaboration    ; DESKTOP-LMP7SPS  ; Windows 7 ; 6.2        ; x86_64         ;
+---------------------------+------------------+-----------+------------+----------------+


------------
; Flow Log ;
------------
quartus_map --read_settings_files=on --write_settings_files=off Servo -c Servo
quartus_fit --read_settings_files=off --write_settings_files=off Servo -c Servo
quartus_asm --read_settings_files=off --write_settings_files=off Servo -c Servo
quartus_sta Servo -c Servo
quartus_eda --read_settings_files=off --write_settings_files=off Servo -c Servo
quartus_map --read_settings_files=on --write_settings_files=off Servo -c Servo
quartus_cdb --read_settings_files=off --write_settings_files=off Servo -c Servo --merge=on
quartus_fit --read_settings_files=off --write_settings_files=off Servo -c Servo
quartus_asm --read_settings_files=off --write_settings_files=off Servo -c Servo
quartus_sta Servo -c Servo
quartus_eda --read_settings_files=off --write_settings_files=off Servo -c Servo
quartus_map --read_settings_files=on --write_settings_files=off Servo -c Servo
quartus_cdb --read_settings_files=off --write_settings_files=off Servo -c Servo --merge=on
quartus_fit --read_settings_files=off --write_settings_files=off Servo -c Servo
quartus_asm --read_settings_files=off --write_settings_files=off Servo -c Servo
quartus_sta Servo -c Servo
quartus_eda --read_settings_files=off --write_settings_files=off Servo -c Servo
quartus_map --read_settings_files=on --write_settings_files=off Servo -c Servo
quartus_cdb --read_settings_files=off --write_settings_files=off Servo -c Servo --merge=on
quartus_fit --read_settings_files=off --write_settings_files=off Servo -c Servo
quartus_asm --read_settings_files=off --write_settings_files=off Servo -c Servo
quartus_sta Servo -c Servo
quartus_eda --read_settings_files=off --write_settings_files=off Servo -c Servo
quartus_map --read_settings_files=on --write_settings_files=off Servo -c Servo
quartus_map --read_settings_files=on --write_settings_files=off Servo -c Servo
quartus_map --read_settings_files=on --write_settings_files=off Servo -c Servo
quartus_map --read_settings_files=on --write_settings_files=off Servo -c Servo
quartus_map --read_settings_files=on --write_settings_files=off Servo -c Servo
quartus_map --read_settings_files=on --write_settings_files=off Servo -c Servo
quartus_map --read_settings_files=on --write_settings_files=off Servo -c Servo
quartus_map --read_settings_files=on --write_settings_files=off Servo -c Servo
quartus_map --read_settings_files=on --write_settings_files=off Servo -c Servo
quartus_cdb --read_settings_files=off --write_settings_files=off Servo -c Servo --merge=on
quartus_fit --read_settings_files=off --write_settings_files=off Servo -c Servo
quartus_asm --read_settings_files=off --write_settings_files=off Servo -c Servo
quartus_sta Servo -c Servo
quartus_eda --read_settings_files=off --write_settings_files=off Servo -c Servo
quartus_map --read_settings_files=on --write_settings_files=off Servo -c Servo
quartus_cdb --read_settings_files=on --write_settings_files=off Servo -c Servo --merge=on
quartus_fit --read_settings_files=on --write_settings_files=off Servo -c Servo
quartus_eda --read_settings_files=off --write_settings_files=off Servo -c Servo
quartus_map --read_settings_files=on --write_settings_files=off Servo -c Servo
quartus_cdb --read_settings_files=off --write_settings_files=off Servo -c Servo --merge=on
quartus_fit --read_settings_files=off --write_settings_files=off Servo -c Servo
quartus_asm --read_settings_files=off --write_settings_files=off Servo -c Servo
quartus_sta Servo -c Servo
quartus_eda --read_settings_files=off --write_settings_files=off Servo -c Servo
quartus_map --read_settings_files=on --write_settings_files=off Servo -c Servo
quartus_cdb --read_settings_files=off --write_settings_files=off Servo -c Servo --merge=on
quartus_fit --read_settings_files=off --write_settings_files=off Servo -c Servo
quartus_map --read_settings_files=on --write_settings_files=off Servo -c Servo
quartus_cdb --read_settings_files=off --write_settings_files=off Servo -c Servo --merge=on
quartus_fit --read_settings_files=off --write_settings_files=off Servo -c Servo
quartus_asm --read_settings_files=off --write_settings_files=off Servo -c Servo
quartus_sta Servo -c Servo
quartus_eda --read_settings_files=off --write_settings_files=off Servo -c Servo
quartus_map --read_settings_files=on --write_settings_files=off Servo -c Servo
quartus_cdb --read_settings_files=off --write_settings_files=off Servo -c Servo --merge=on
quartus_fit --read_settings_files=off --write_settings_files=off Servo -c Servo
quartus_asm --read_settings_files=off --write_settings_files=off Servo -c Servo
quartus_sta Servo -c Servo
quartus_eda --read_settings_files=off --write_settings_files=off Servo -c Servo
quartus_map --read_settings_files=on --write_settings_files=off Servo -c Servo
quartus_cdb --read_settings_files=off --write_settings_files=off Servo -c Servo --merge=on
quartus_fit --read_settings_files=off --write_settings_files=off Servo -c Servo
quartus_map --read_settings_files=on --write_settings_files=off Servo -c Servo
quartus_cdb --read_settings_files=off --write_settings_files=off Servo -c Servo --merge=on
quartus_fit --read_settings_files=off --write_settings_files=off Servo -c Servo
quartus_asm --read_settings_files=off --write_settings_files=off Servo -c Servo
quartus_sta Servo -c Servo
quartus_eda --read_settings_files=off --write_settings_files=off Servo -c Servo
quartus_map --read_settings_files=on --write_settings_files=off Servo -c Servo
quartus_cdb --read_settings_files=off --write_settings_files=off Servo -c Servo --merge=on
quartus_fit --read_settings_files=off --write_settings_files=off Servo -c Servo
quartus_asm --read_settings_files=off --write_settings_files=off Servo -c Servo
quartus_sta Servo -c Servo
quartus_eda --read_settings_files=off --write_settings_files=off Servo -c Servo
quartus_map --read_settings_files=on --write_settings_files=off Servo -c Servo --analysis_and_elaboration



