Vivado Simulator 2018.2
Copyright 1986-1999, 2001-2018 Xilinx, Inc. All Rights Reserved.
Running: C:/Xilinx/Vivado/2018.2/bin/unwrapped/win64.o/xelab.exe -wto a32b5b4cc24b411a8cd29a7a8595d171 --incr --debug typical --relax --mt 2 -L xil_defaultlib -L unisims_ver -L unimacro_ver -L secureip -L xpm --snapshot Servo_2_behav xil_defaultlib.Servo_2 xil_defaultlib.glbl -log elaborate.log 
Using 2 slave threads.
Starting static elaboration
Completed static elaboration
Starting simulation data flow analysis
Completed simulation data flow analysis
Time Resolution for simulation is 1ps
Compiling module unisims_ver.IBUF
Compiling module unisims_ver.PLLE2_ADV(CLKFBOUT_MULT=15,CLKIN...
Compiling module unisims_ver.BUFG
Compiling module xil_defaultlib.clk_wiz_0_clk_wiz
Compiling module xil_defaultlib.clk_wiz_0
Compiling module xil_defaultlib.clk_divider
Compiling module xil_defaultlib.counter
Compiling module xil_defaultlib.servo_mux
Compiling module xil_defaultlib.bin2bcd
Compiling module xil_defaultlib.Decoder_7SEG
Compiling module xil_defaultlib.Servo_2
Compiling module xil_defaultlib.glbl
Built simulation snapshot Servo_2_behav
